$r = undef;
$text = '@$${AB5C{@
<(AE58=738dd1)>[35:^80(^89^AE58)]
@$$}AB5C}@

@$${AB5D{@
<(AE59=85)>[-F:^80(^82^AF)(^83=4)(^84=85)(^85=1)(^86=0)(^87=0)(^88=0)
    (^89^AB35)(^8A=)(^8B^B1)]
@$$}AB5D}@

@$${AB5E{@
@$$}AB5E}@

@$${AB5F{@
<(AE5A=4b752)>[-F:^80(^82^AF)(^83^6B2B)(^84=85)(^85=1)(^86=0)(^87=0)
    (^88=0)(^89^AE5A)(^8A=)(^8B^B1)]
@$$}AB5F}@

@$${AB60{@
@$$}AB60}@

@$${AB61{@
@$$}AB61}@

@$${AB62{@
@$$}AB62}@

@$${AB63{@
[F:^80(^85=0)]
@$$}AB63}@

@$${AB64{@
@$$}AB64}@

@$${AB65{@
[F:^80(^83=4)]
@$$}AB65}@

@$${AB66{@
@$$}AB66}@

@$${AB67{@
@$$}AB67}@

@$${AB68{@
@$$}AB68}@

@$${AB69{@
@$$}AB69}@

@$${AB6A{@
<(AE5B=1ace)>[-AA:^80(^82^4C18)(^83=4)(^84=1ace)(^85=224)(^86=0)(^87=0)
    (^88=0)(^89^AE52)(^8A=)(^8B^4C19)]
@$$}AB6A}@

@$${AB6B{@
@$$}AB6B}@

@$${AB6C{@
<(AE5C=1e2c972)>[-AA:^80(^82^4C18)(^83^6B2B)(^84=1ace)(^85=224)(^86=0)
    (^87=0)(^88=0)(^89^AE5C)(^8A=)(^8B^4C19)]
@$$}AB6C}@

@$${AB6D{@
@$$}AB6D}@

@$${AB6E{@
@$$}AB6E}@

@$${AB6F{@
@$$}AB6F}@

@$${AB70{@
@$$}AB70}@

@$${AB71{@
@$$}AB71}@

@$${AB72{@
@$$}AB72}@

@$${AB73{@
@$$}AB73}@

@$${AB74{@
@$$}AB74}@

@$${AB75{@
@$$}AB75}@

@$${AB76{@
@$$}AB76}@

@$${AB77{@
@$$}AB77}@

@$${AB78{@
@$$}AB78}@

@$${AB79{@
@$$}AB79}@

@$${AB7A{@
@$$}AB7A}@

@$${AB7B{@
@$$}AB7B}@

@$${AB7C{@
@$$}AB7C}@

@$${AB7D{@
@$$}AB7D}@

@$${AB7E{@
@$$}AB7E}@

@$${AB7F{@
@$$}AB7F}@

@$${AB80{@
@$$}AB80}@

@$${AB81{@
@$$}AB81}@

@$${AB82{@
@$$}AB82}@

@$${AB83{@
@$$}AB83}@

@$${AB84{@
@$$}AB84}@

@$${AB85{@
@$$}AB85}@

@$${AB86{@
@$$}AB86}@

@$${AB87{@
@$$}AB87}@

@$${AB88{@
<(AE5D=3dd)>[-C8:^80(^82^AD14)(^83=4)(^84=3dd)(^85=1)(^86=0)(^87=0)
    (^88^AD20)(^89^ADFD)(^8A=)(^8B^12C)]
@$$}AB88}@

@$${AB89{@
@$$}AB89}@

@$${AB8A{@
<(AE5E=4606d6)>[-C8:^80(^82^AD14)(^83^6B2B)(^84=3dd)(^85=1)(^86=0)
    (^87=0)(^88^AD20)(^89^AE5E)(^8A=)(^8B^12C)]
@$$}AB8A}@

@$${AB8B{@
@$$}AB8B}@

@$${AB8C{@
@$$}AB8C}@

@$${AB8D{@
@$$}AB8D}@

@$${AB8E{@
@$$}AB8E}@

@$${AB8F{@
@$$}AB8F}@

@$${AB90{@
@$$}AB90}@

@$${AB91{@
@$$}AB91}@

@$${AB92{@
@$$}AB92}@

@$${AB93{@
@$$}AB93}@

@$${AB94{@
@$$}AB94}@

@$${AB95{@
@$$}AB95}@

@$${AB96{@
@$$}AB96}@

@$${AB97{@
@$$}AB97}@

@$${AB98{@
@$$}AB98}@

@$${AB99{@
@$$}AB99}@

@$${AB9A{@
@$$}AB9A}@

@$${AB9B{@
@$$}AB9B}@

@$${AB9C{@
@$$}AB9C}@

@$${AB9D{@
@$$}AB9D}@

@$${AB9E{@
@$$}AB9E}@

@$${AB9F{@
@$$}AB9F}@

@$${ABA0{@
@$$}ABA0}@

@$${ABA1{@
@$$}ABA1}@

@$${ABA2{@
@$$}ABA2}@

@$${ABA3{@
@$$}ABA3}@

@$${ABA4{@
@$$}ABA4}@

@$${ABA5{@
@$$}ABA5}@

@$${ABA6{@
@$$}ABA6}@

@$${ABA7{@
@$$}ABA7}@

@$${ABA8{@
@$$}ABA8}@

@$${ABA9{@
@$$}ABA9}@

@$${ABAA{@
@$$}ABAA}@

@$${ABAB{@
@$$}ABAB}@

@$${ABAC{@
@$$}ABAC}@

@$${ABAD{@
@$$}ABAD}@

@$${ABAE{@
@$$}ABAE}@

@$${ABAF{@
@$$}ABAF}@

@$${ABB0{@
@$$}ABB0}@

@$${ABB1{@
@$$}ABB1}@

@$${ABB2{@
@$$}ABB2}@

@$${ABB3{@
@$$}ABB3}@

@$${ABB4{@
@$$}ABB4}@

@$${ABB5{@
[AA:^80(^83=4)]
@$$}ABB5}@

@$${ABB6{@
[C8:^80(^85=0)]
@$$}ABB6}@

@$${ABB7{@
@$$}ABB7}@

@$${ABB8{@
[C8:^80(^83=4)]
@$$}ABB8}@

@$${ABB9{@
@$$}ABB9}@

@$${ABBA{@
@$$}ABBA}@

@$${ABBB{@
@$$}ABBB}@

@$${ABBC{@
@$$}ABBC}@

@$${ABBD{@
@$$}ABBD}@

@$${ABBE{@
@$$}ABBE}@

@$${ABBF{@
@$$}ABBF}@

@$${ABC0{@
@$$}ABC0}@

@$${ABC1{@
@$$}ABC1}@

@$${ABC2{@
@$$}ABC2}@

@$${ABC3{@
@$$}ABC3}@

@$${ABC4{@
@$$}ABC4}@

@$${ABC5{@
@$$}ABC5}@

@$${ABC6{@
@$$}ABC6}@

@$${ABC7{@
@$$}ABC7}@

@$${ABC8{@
@$$}ABC8}@

@$${ABC9{@
@$$}ABC9}@

@$${ABCA{@
@$$}ABCA}@

@$${ABCB{@
@$$}ABCB}@

@$${ABCC{@
@$$}ABCC}@

@$${ABCD{@
@$$}ABCD}@

@$${ABCE{@
@$$}ABCE}@

@$${ABCF{@
@$$}ABCF}@

@$${ABD0{@
@$$}ABD0}@

@$${ABD1{@
@$$}ABD1}@

@$${ABD2{@
@$$}ABD2}@

@$${ABD3{@
@$$}ABD3}@

@$${ABD4{@
@$$}ABD4}@

@$${ABD5{@
@$$}ABD5}@

@$${ABD6{@
@$$}ABD6}@

@$${ABD7{@
@$$}ABD7}@

@$${ABD8{@
@$$}ABD8}@

@$${ABD9{@
@$$}ABD9}@

@$${ABDA{@
@$$}ABDA}@

@$${ABDB{@
@$$}ABDB}@

@$${ABDC{@
<(AE5F=63)>[-4C:^80(^82^15E)(^83^15F)(^84=63)(^85=1)(^86=0)(^87=0)
    (^88=711f)(^89^ACF7)(^8A=)(^8B^161)]
@$$}ABDC}@

@$${ABDD{@
@$$}ABDD}@

@$${ABDE{@
<(AE60=21004)(AE61=3a0fcd)>[-4C:^80(^82^15E)(^83^AE60)(^84=63)(^85=1)
    (^86=0)(^87=0)(^88=711f)(^89^AE61)(^8A=)(^8B^161)]
@$$}ABDE}@

@$${ABDF{@
@$$}ABDF}@

@$${ABE0{@
@$$}ABE0}@

@$${ABE1{@
@$$}ABE1}@

@$${ABE2{@
[-4C:^80(^82^15E)(^83^AE60)(^84=64)(^85=2)(^86=0)(^87=0)(^88=711f)
    (^89^AE61)(^8A=)(^8B^161)]
@$$}ABE2}@

@$${ABE3{@
<(AE62=3a21f9)>[4C:^80(^89^AE62)]
@$$}ABE3}@

@$${ABE4{@
<(AE63=65)>[-4C:^80(^82^15E)(^83^AE60)(^84=65)(^85=3)(^86=0)(^87=0)
    (^88=711f)(^89^AE62)(^8A=)(^8B^161)]
@$$}ABE4}@

@$${ABE5{@
<(AE64=3a2935)>[4C:^80(^89^AE64)]
@$$}ABE5}@

@$${ABE6{@
<(AE65=66)>[-4C:^80(^82^15E)(^83^AE60)(^84=66)(^85=4)(^86=0)(^87=0)
    (^88=711f)(^89^AE64)(^8A=)(^8B^161)]
@$$}ABE6}@

@$${ABE7{@
<(AE66=3a3b56)>[4C:^80(^89^AE66)]
@$$}ABE7}@

@$${ABE8{@
<(AE67=67)>[-4C:^80(^82^15E)(^83^AE60)(^84=67)(^85=5)(^86=0)(^87=0)
    (^88=711f)(^89^AE66)(^8A=)(^8B^161)]
@$$}ABE8}@

@$${ABE9{@
<(AE68=3a4e75)>[4C:^80(^89^AE68)]
@$$}ABE9}@

@$${ABEA{@
@$$}ABEA}@

@$${ABEB{@
@$$}ABEB}@

@$${ABEC{@
@$$}ABEC}@

@$${ABED{@
@$$}ABED}@

@$${ABEE{@
@$$}ABEE}@

@$${ABEF{@
@$$}ABEF}@

@$${ABF0{@
[4C:^80(^85=4)]
@$$}ABF0}@

@$${ABF1{@
[4C:^80(^85=3)]
@$$}ABF1}@

@$${ABF2{@
[4C:^80(^85=2)]
@$$}ABF2}@

@$${ABF3{@
[4C:^80(^85=3)]
@$$}ABF3}@

@$${ABF4{@
[4C:^80(^85=2)]
@$$}ABF4}@

@$${ABF5{@
[4C:^80(^85=1)]
@$$}ABF5}@

@$${ABF6{@
@$$}ABF6}@

@$${ABF7{@
@$$}ABF7}@

@$${ABF8{@
@$$}ABF8}@

@$${ABF9{@
@$$}ABF9}@

@$${ABFA{@
<(AE69=549)>[6:^80(^84=549)]
@$$}ABFA}@

@$${ABFB{@
@$$}ABFB}@

@$${ABFC{@
<(AE6A=c27c94)>[6:^80(^89^AE6A)]
[4C:^80(^84=63)]
@$$}ABFC}@

@$${ABFD{@
<(AE6C=2e5)>[A:^80(^84=2e5)]
<(AE6B=bbbf)>[4C:^80(^88=bbbf)]
@$$}ABFD}@

@$${ABFE{@
@$$}ABFE}@

@$${ABFF{@
[4C:^80(^85=0)]
@$$}ABFF}@

@$${AC00{@
@$$}AC00}@

@$${AC01{@
[4C:^80(^83^15F)]
@$$}AC01}@

@$${AC02{@
@$$}AC02}@

@$${AC03{@
[4C:^80(^84=62)]
@$$}AC03}@

@$${AC04{@
<(AE6D=c2fb)>[4C:^80(^88=c2fb)]
[AF:^80(^84=34)]
@$$}AC04}@

@$${AC05{@
@$$}AC05}@

@$${AC06{@
<(AE6E=5d)>[4C:^80(^84=5d)]
@$$}AC06}@

@$${AC07{@
<(AE70=6f)>[2F:^80(^84=6f)]
<(AE6F=16a0b)>[4C:^80(^88^AE6F)]
@$$}AC07}@

@$${AC08{@
@$$}AC08}@

@$${AC09{@
<(AE71=5c)>[4C:^80(^84=5c)]
@$$}AC09}@

@$${AC0A{@
[28:^80(^84=e3)]
<(AE72=1763f)>[4C:^80(^88^AE72)]
@$$}AC0A}@

@$${AC0B{@
@$$}AC0B}@

@$${AC0C{@
[4C:^80(^84=5b)]
@$$}AC0C}@

@$${AC0D{@
<(AE74=70)(AE75=77f54)>[-2F:^80(^82^10F)(^83=4)(^84=70)(^85=0)(^86=0)
    (^87=0)(^88=0)(^89^AE75)(^8A=)(^8B^111)]
<(AE73=180f4)>[4C:^80(^88^AE73)]
@$$}AC0D}@

@$${AC0E{@
@$$}AC0E}@

@$${AC0F{@
<(AE76=5a)>[4C:^80(^84=5a)]
@$$}AC0F}@

@$${AC10{@
[12:^80(^84=d)]
<(AE77=18980)>[4C:^80(^88^AE77)]
@$$}AC10}@

@$${AC11{@
@$$}AC11}@

@$${AC12{@
@$$}AC12}@

@$${AC13{@
@$$}AC13}@

@$${AC14{@
<(AE78=8cdd8)>[AF:^80(^89^AE78)]
@$$}AC14}@

@$${AC15{@
@$$}AC15}@

@$${AC16{@
@$$}AC16}@

@$${AC17{@
@$$}AC17}@

@$${AC18{@
@$$}AC18}@

@$${AC19{@
[4C:^80(^88=0)]
@$$}AC19}@

@$${AC1A{@
[C8:^80(^88=0)]
@$$}AC1A}@

@$${AC1B{@
@$$}AC1B}@

@$${AC1C{@
[C9:^80(^88=0)]
@$$}AC1C}@

@$${AC1D{@
@$$}AC1D}@

@$${AC1E{@
[CA:^80(^88=0)]
@$$}AC1E}@

@$${AC1F{@
@$$}AC1F}@

@$${AC20{@
[CB:^80(^88=0)]
@$$}AC20}@

@$${AC21{@
@$$}AC21}@

@$${AC22{@
[D7:^80(^88=0)]
@$$}AC22}@

@$${AC23{@
@$$}AC23}@

@$${AC24{@
@$$}AC24}@

@$${AC25{@
[-DC:^80(^82^AD65)(^83=4)(^84=232)(^85=6)(^86=0)(^87=0)(^88=0)(^89^AE4C)
    (^8A=)(^8B^11B)]
@$$}AC25}@

@$${AC26{@
@$$}AC26}@

@$${AC27{@
<(AE79=24)>[-11:^80(^82^B5)(^83=4)(^84=24)(^85=1)(^86=0)(^87=0)(^88=0)
    (^89^A191)(^8A=)(^8B^B7)]
@$$}AC27}@

@$${AC28{@
@$$}AC28}@

@$${AC29{@
<(AE7A=1da9a)>[-11:^80(^82^B5)(^83^6B2B)(^84=24)(^85=1)(^86=0)(^87=0)
    (^88=0)(^89^AE7A)(^8A=)(^8B^B7)]
@$$}AC29}@

@$${AC2A{@
@$$}AC2A}@

@$${AC2B{@
@$$}AC2B}@

@$${AC2C{@
@$$}AC2C}@

@$${AC2D{@
[11:^80(^85=0)]
@$$}AC2D}@

@$${AC2E{@
@$$}AC2E}@

@$${AC2F{@
[11:^80(^83=4)]
@$$}AC2F}@

@$${AC30{@
@$$}AC30}@

@$${AC31{@
@$$}AC31}@

@$${AC32{@
@$$}AC32}@

@$${AC33{@
@$$}AC33}@

@$${AC34{@
@$$}AC34}@

@$${AC35{@
@$$}AC35}@

@$${AC36{@
@$$}AC36}@

@$${AC37{@
@$$}AC37}@

@$${AC38{@
@$$}AC38}@

@$${AC39{@
<(AE7B=40f)>[-BC:^80(^82^6E56)(^83=4)(^84=40f)(^85=3)(^86=0)(^87=0)
    (^88=0)(^89^AE2E)(^8A=)(^8B^6E57)]
@$$}AC39}@

@$${AC3A{@
@$$}AC3A}@

@$${AC3B{@
<(AE7C=2d6c840)>[-BC:^80(^82^6E56)(^83^6B2B)(^84=40f)(^85=3)(^86=0)
    (^87=0)(^88=0)(^89^AE7C)(^8A=)(^8B^6E57)]
@$$}AC3B}@

@$${AC3C{@
@$$}AC3C}@

@$${AC3D{@
@$$}AC3D}@

@$${AC3E{@
@$$}AC3E}@

@$${AC3F{@
@$$}AC3F}@

@$${AC40{@
@$$}AC40}@

@$${AC41{@
@$$}AC41}@

@$${AC42{@
@$$}AC42}@

@$${AC43{@
@$$}AC43}@

@$${AC44{@
@$$}AC44}@

@$${AC45{@
@$$}AC45}@

@$${AC46{@
@$$}AC46}@

@$${AC47{@
@$$}AC47}@

@$${AC48{@
@$$}AC48}@

@$${AC49{@
@$$}AC49}@

@$${AC4A{@
@$$}AC4A}@

@$${AC4B{@
<(AE7D=1acf)(AE7E=225)>[-AA:^80(^82^4C18)(^83=4)(^84=1acf)(^85=225)
    (^86=0)(^87=0)(^88=0)(^89^AE5C)(^8A=)(^8B^4C19)]
@$$}AC4B}@

@$${AC4C{@
@$$}AC4C}@

@$${AC4D{@
<(AE7F=1e2dd50)>[-AA:^80(^82^4C18)(^83^6B2B)(^84=1acf)(^85=225)(^86=0)
    (^87=0)(^88=0)(^89^AE7F)(^8A=)(^8B^4C19)]
@$$}AC4D}@

@$${AC4E{@
@$$}AC4E}@

@$${AC4F{@
@$$}AC4F}@

@$${AC50{@
@$$}AC50}@

@$${AC51{@
@$$}AC51}@

@$${AC52{@
@$$}AC52}@

@$${AC53{@
@$$}AC53}@

@$${AC54{@
@$$}AC54}@

@$${AC55{@
@$$}AC55}@

@$${AC56{@
@$$}AC56}@

@$${AC57{@
@$$}AC57}@

@$${AC58{@
@$$}AC58}@

@$${AC59{@
@$$}AC59}@

@$${AC5A{@
@$$}AC5A}@

@$${AC5B{@
@$$}AC5B}@

@$${AC5C{@
@$$}AC5C}@

@$${AC5D{@
@$$}AC5D}@

@$${AC5E{@
@$$}AC5E}@

@$${AC5F{@
@$$}AC5F}@

@$${AC60{@
@$$}AC60}@

@$${AC61{@
@$$}AC61}@

@$${AC62{@
@$$}AC62}@

@$${AC63{@
@$$}AC63}@

@$${AC64{@
@$$}AC64}@

@$${AC65{@
@$$}AC65}@

@$${AC66{@
@$$}AC66}@

@$${AC67{@
@$$}AC67}@

@$${AC68{@
@$$}AC68}@

@$${AC69{@
@$$}AC69}@

@$${AC6A{@
@$$}AC6A}@

@$${AC6B{@
@$$}AC6B}@

@$${AC6C{@
@$$}AC6C}@

@$${AC6D{@
@$$}AC6D}@

@$${AC6E{@
@$$}AC6E}@

@$${AC6F{@
@$$}AC6F}@

@$${AC70{@
@$$}AC70}@

@$${AC71{@
@$$}AC71}@

@$${AC72{@
@$$}AC72}@

@$${AC73{@
@$$}AC73}@

@$${AC74{@
@$$}AC74}@

@$${AC75{@
@$$}AC75}@

@$${AC76{@
@$$}AC76}@

@$${AC77{@
@$$}AC77}@

@$${AC78{@
@$$}AC78}@

@$${AC79{@
@$$}AC79}@

@$${AC7A{@
@$$}AC7A}@

@$${AC7B{@
@$$}AC7B}@

@$${AC7C{@
@$$}AC7C}@

@$${AC7D{@
@$$}AC7D}@

@$${AC7E{@
@$$}AC7E}@

@$${AC7F{@
@$$}AC7F}@

@$${AC80{@
@$$}AC80}@

@$${AC81{@
@$$}AC81}@

@$${AC82{@
@$$}AC82}@

@$${AC83{@
@$$}AC83}@

@$${AC84{@
@$$}AC84}@

@$${AC85{@
@$$}AC85}@

@$${AC86{@
@$$}AC86}@

@$${AC87{@
@$$}AC87}@

@$${AC88{@
@$$}AC88}@

@$${AC89{@
@$$}AC89}@

@$${AC8A{@
@$$}AC8A}@

@$${AC8B{@
@$$}AC8B}@

@$${AC8C{@
@$$}AC8C}@

@$${AC8D{@
@$$}AC8D}@

@$${AC8E{@
@$$}AC8E}@

@$${AC8F{@
@$$}AC8F}@

@$${AC90{@
@$$}AC90}@

@$${AC91{@
@$$}AC91}@

@$${AC92{@
@$$}AC92}@

@$${AC93{@
@$$}AC93}@

@$${AC94{@
@$$}AC94}@

@$${AC95{@
@$$}AC95}@

@$${AC96{@
@$$}AC96}@

@$${AC97{@
@$$}AC97}@

@$${AC98{@
@$$}AC98}@

@$${AC99{@
@$$}AC99}@

@$${AC9A{@
@$$}AC9A}@

@$${AC9B{@
@$$}AC9B}@

@$${AC9C{@
@$$}AC9C}@

@$${AC9D{@
@$$}AC9D}@

@$${AC9E{@
@$$}AC9E}@

@$${AC9F{@
@$$}AC9F}@

@$${ACA0{@
@$$}ACA0}@

@$${ACA1{@
@$$}ACA1}@

@$${ACA2{@
@$$}ACA2}@

@$${ACA3{@
@$$}ACA3}@

@$${ACA4{@
@$$}ACA4}@

@$${ACA5{@
@$$}ACA5}@

@$${ACA6{@
@$$}ACA6}@

@$${ACA7{@
@$$}ACA7}@

@$${ACA8{@
@$$}ACA8}@

@$${ACA9{@
@$$}ACA9}@

@$${ACAA{@
@$$}ACAA}@

@$${ACAB{@
<(AE80=1767)(AE81=194)>[-37:^80(^82^127)(^83^6B2B)(^84=1767)(^85=194)
    (^86=0)(^87=0)(^88=0)(^89^AE55)(^8A=)(^8B^114)]
@$$}ACAB}@

@$${ACAC{@
<(AE82=3840b66)>[37:^80(^89^AE82)]
@$$}ACAC}@

@$${ACAD{@
@$$}ACAD}@

@$${ACAE{@
@$$}ACAE}@

@$${ACAF{@
@$$}ACAF}@

@$${ACB0{@
@$$}ACB0}@

@$${ACB1{@
@$$}ACB1}@

@$${ACB2{@
@$$}ACB2}@

@$${ACB3{@
@$$}ACB3}@

@$${ACB4{@
@$$}ACB4}@

@$${ACB5{@
@$$}ACB5}@

@$${ACB6{@
@$$}ACB6}@

@$${ACB7{@
@$$}ACB7}@

@$${ACB8{@
@$$}ACB8}@

@$${ACB9{@
@$$}ACB9}@

@$${ACBA{@
<(AE83=1768)(AE84=195)>[-37:^80(^82^127)(^83^6B2B)(^84=1768)(^85=195)
    (^86=0)(^87=0)(^88=0)(^89^AE82)(^8A=)(^8B^114)]
@$$}ACBA}@

@$${ACBB{@
<(AE85=38412ed)>[37:^80(^89^AE85)]
@$$}ACBB}@

@$${ACBC{@
@$$}ACBC}@

@$${ACBD{@
@$$}ACBD}@

@$${ACBE{@
@$$}ACBE}@

@$${ACBF{@
<(AE86=1ad0)(AE87=226)>[-AA:^80(^82^4C18)(^83^6B2B)(^84=1ad0)(^85=226)
    (^86=0)(^87=0)(^88=0)(^89^AE7F)(^8A=)(^8B^4C19)]
@$$}ACBF}@

@$${ACC0{@
<(AE88=1e2f991)>[AA:^80(^89^AE88)]
@$$}ACC0}@

@$${ACC1{@
@$$}ACC1}@

@$${ACC2{@
@$$}ACC2}@

@$${ACC3{@
@$$}ACC3}@

@$${ACC4{@
<(AE89=1ad1)(AE8A=227)>[-AA:^80(^82^4C18)(^83^6B2B)(^84=1ad1)(^85=227)
    (^86=0)(^87=0)(^88=0)(^89^AE88)(^8A=)(^8B^4C19)]
@$$}ACC4}@

@$${ACC5{@
<(AE8B=1e30891)>[AA:^80(^89^AE8B)]
@$$}ACC5}@

@$${ACC6{@
@$$}ACC6}@

@$${ACC7{@
@$$}ACC7}@

@$${ACC8{@
@$$}ACC8}@

@$${ACC9{@
@$$}ACC9}@

@$${ACCA{@
@$$}ACCA}@

@$${ACCB{@
@$$}ACCB}@

@$${ACCC{@
@$$}ACCC}@

@$${ACCD{@
@$$}ACCD}@

@$${ACCE{@
@$$}ACCE}@

@$${ACCF{@
@$$}ACCF}@

@$${ACD0{@
@$$}ACD0}@

@$${ACD1{@
@$$}ACD1}@

@$${ACD2{@
@$$}ACD2}@

@$${ACD3{@
@$$}ACD3}@

@$${ACD4{@
@$$}ACD4}@

@$${ACD5{@
@$$}ACD5}@

@$${ACD6{@
@$$}ACD6}@

@$${ACD7{@
@$$}ACD7}@

@$${ACD8{@
@$$}ACD8}@

@$${ACD9{@
@$$}ACD9}@

@$${ACDA{@
@$$}ACDA}@

@$${ACDB{@
@$$}ACDB}@

@$${ACDC{@
@$$}ACDC}@

@$${ACDD{@
@$$}ACDD}@

@$${ACDE{@
@$$}ACDE}@

@$${ACDF{@
@$$}ACDF}@

@$${ACE0{@
@$$}ACE0}@

@$${ACE1{@
@$$}ACE1}@

@$${ACE2{@
@$$}ACE2}@

@$${ACE3{@
<(AE8C=1ad2)(AE8D=228)>[-AA:^80(^82^4C18)(^83^6B2B)(^84=1ad2)(^85=228)
    (^86=0)(^87=0)(^88=0)(^89^AE8B)(^8A=)(^8B^4C19)]
@$$}ACE3}@

@$${ACE4{@
<(AE8E=1e3208c)>[AA:^80(^89^AE8E)]
@$$}ACE4}@

@$${ACE5{@
@$$}ACE5}@

@$${ACE6{@
@$$}ACE6}@

@$${ACE7{@
@$$}ACE7}@

@$${ACE8{@
@$$}ACE8}@

@$${ACE9{@
@$$}ACE9}@

@$${ACEA{@
@$$}ACEA}@

@$${ACEB{@
@$$}ACEB}@

@$${ACEC{@
<(AE8F=410)>[-BC:^80(^82^6E56)(^83^6B2B)(^84=410)(^85=4)(^86=0)(^87=0)
    (^88=0)(^89^AE7C)(^8A=)(^8B^6E57)]
@$$}ACEC}@

@$${ACED{@
<(AE90=2d6cbb6)>[BC:^80(^89^AE90)]
@$$}ACED}@

@$${ACEE{@
@$$}ACEE}@

@$${ACEF{@
@$$}ACEF}@

@$${ACF0{@
@$$}ACF0}@

@$${ACF1{@
<(AE91=588)(AE92=4e6)>[-36:^80(^82^124)(^83^6B2B)(^84=588)(^85=4e6)
    (^86=0)(^87=0)(^88=0)(^89^AE0D)(^8A=)(^8B^126)]
@$$}ACF1}@

@$${ACF2{@
<(AE93=16d9690)>[36:^80(^89^AE93)]
@$$}ACF2}@

@$${ACF3{@
@$$}ACF3}@

@$${ACF4{@
@$$}ACF4}@

@$${ACF5{@
@$$}ACF5}@

@$${ACF6{@
@$$}ACF6}@

@$${ACF7{@
@$$}ACF7}@

@$${ACF8{@
@$$}ACF8}@

@$${ACF9{@
@$$}ACF9}@

@$${ACFA{@
@$$}ACFA}@

@$${ACFB{@
@$$}ACFB}@

@$${ACFC{@
@$$}ACFC}@

@$${ACFD{@
@$$}ACFD}@

@$${ACFE{@
@$$}ACFE}@

@$${ACFF{@
@$$}ACFF}@

@$${AD00{@
<(AE94=1ad3)(AE95=229)>[-AA:^80(^82^4C18)(^83^6B2B)(^84=1ad3)(^85=229)
    (^86=0)(^87=0)(^88=0)(^89^AE8E)(^8A=)(^8B^4C19)]
@$$}AD00}@

@$${AD01{@
<(AE96=1e33656)>[AA:^80(^89^AE96)]
@$$}AD01}@

@$${AD02{@
@$$}AD02}@

@$${AD03{@
@$$}AD03}@

@$${AD04{@
@$$}AD04}@

@$${AD05{@
@$$}AD05}@

@$${AD06{@
@$$}AD06}@

@$${AD07{@
@$$}AD07}@

@$${AD08{@
@$$}AD08}@

@$${AD09{@
<(AE97=233)(AE98=3575c3)>[-DC:^80(^82^AD65)(^83=4)(^84=233)(^85=7)
    (^86=0)(^87=0)(^88=0)(^89^AE98)(^8A=)(^8B^11B)]
@$$}AD09}@

@$${AD0A{@
@$$}AD0A}@

@$${AD0B{@
<(AE99=3582d0)>[-DC:^80(^82^AD65)(^83^6B2B)(^84=233)(^85=7)(^86=0)
    (^87=0)(^88=0)(^89^AE99)(^8A=)(^8B^11B)]
@$$}AD0B}@

@$${AD0C{@
@$$}AD0C}@

@$${AD0D{@
@$$}AD0D}@

@$${AD0E{@
@$$}AD0E}@

@$${AD0F{@
@$$}AD0F}@

@$${AD10{@
@$$}AD10}@

@$${AD11{@
@$$}AD11}@

@$${AD12{@
@$$}AD12}@

@$${AD13{@
@$$}AD13}@

@$${AD14{@
@$$}AD14}@

@$${AD15{@
@$$}AD15}@

@$${AD16{@
@$$}AD16}@

@$${AD17{@
@$$}AD17}@

@$${AD18{@
@$$}AD18}@

@$${AD19{@
@$$}AD19}@

@$${AD1A{@
@$$}AD1A}@

@$${AD1B{@
@$$}AD1B}@

@$${AD1C{@
@$$}AD1C}@

@$${AD1D{@
@$$}AD1D}@

@$${AD1E{@
@$$}AD1E}@

@$${AD1F{@
@$$}AD1F}@

@$${AD20{@
@$$}AD20}@

@$${AD21{@
@$$}AD21}@

@$${AD22{@
@$$}AD22}@

@$${AD23{@
@$$}AD23}@

@$${AD24{@
@$$}AD24}@

@$${AD25{@
@$$}AD25}@

@$${AD26{@
@$$}AD26}@

@$${AD27{@
@$$}AD27}@

@$${AD28{@
@$$}AD28}@

@$${AD29{@
@$$}AD29}@

@$${AD2A{@
@$$}AD2A}@

@$${AD2B{@
@$$}AD2B}@

@$${AD2C{@
@$$}AD2C}@

@$${AD2D{@
@$$}AD2D}@

@$${AD2E{@
@$$}AD2E}@

@$${AD2F{@
@$$}AD2F}@

@$${AD30{@
@$$}AD30}@

@$${AD31{@
<(AE9A=589)(AE9B=4e7)>[-36:^80(^82^124)(^83^6B2B)(^84=589)(^85=4e7)
    (^86=0)(^87=0)(^88=0)(^89^AE93)(^8A=)(^8B^126)]
@$$}AD31}@

@$${AD32{@
<(AE9C=16db40b)>[36:^80(^89^AE9C)]
@$$}AD32}@

@$${AD33{@
@$$}AD33}@

@$${AD34{@
@$$}AD34}@

@$${AD35{@
@$$}AD35}@

@$${AD36{@
@$$}AD36}@

@$${AD37{@
@$$}AD37}@

@$${AD38{@
@$$}AD38}@

@$${AD39{@
@$$}AD39}@

@$${AD3A{@
@$$}AD3A}@

@$${AD3B{@
@$$}AD3B}@
';
